<?xml version="1.0" encoding="UTF-8"?>
<testng-results skipped="0" failed="0" total="0" passed="0">
  <reporter-output>
  </reporter-output>
  <suite name="Default suite" duration-ms="1093" started-at="2018-05-15T17:24:43Z" finished-at="2018-05-15T17:24:45Z">
    <groups>
    </groups>
    <test name="Default test" duration-ms="1093" started-at="2018-05-15T17:24:43Z" finished-at="2018-05-15T17:24:45Z">
    </test> <!-- Default test -->
  </suite> <!-- Default suite -->
</testng-results>
